<?xml version="1.0" encoding="UTF-8"?>
<!-- Generated by org.testng.reporters.JUnitReportReporter -->
<testsuite skipped="0" hostname="DESKTOP-N2MVUB3" name="testCases.TestCaseExecute" tests="1" failures="0" timestamp="25 Jun 2019 07:09:05 GMT" time="22.973" errors="0">
  <testcase name="inputValidationCheck" time="22.973" classname="testCases.TestCaseExecute"/>
</testsuite> <!-- testCases.TestCaseExecute -->
